Replace Part C5 CAP 22pF in D:\Mega Project\Edit routing\Sheet3.SchDoc with CAP 22pF from Schlib1.SchLib
Replace Part C7 CAP 22pF in D:\Mega Project\Edit routing\Sheet3.SchDoc with CAP 22pF from Schlib1.SchLib
Replace Part D2 LED in D:\Mega Project\Edit routing\Sheet3.SchDoc with LED from Schlib1.SchLib
Replace Part D3 RGB LED in D:\Mega Project\Edit routing\Sheet3.SchDoc with RGB LED from Schlib1.SchLib
Replace Part J1 TerminalBlock 2pin in D:\Mega Project\Edit routing\Sheet3.SchDoc with TerminalBlock 2pin from Schlib1.SchLib
Replace Part J4 Headers 4pin in D:\Mega Project\Edit routing\Sheet3.SchDoc with Headers 4pin from Schlib1.SchLib
Replace Part J5 Headers 4pin in D:\Mega Project\Edit routing\Sheet3.SchDoc with Headers 4pin from Schlib1.SchLib
Replace Part J6 Headers 4pin in D:\Mega Project\Edit routing\Sheet3.SchDoc with Headers 4pin from Schlib1.SchLib
Replace Part J7 Headers 4pin in D:\Mega Project\Edit routing\Sheet3.SchDoc with Headers 4pin from Schlib1.SchLib
Replace Part J? Header 9pins in D:\Mega Project\Edit routing\Sheet3.SchDoc with Header 9pins from Schlib1.SchLib
Replace Part J? Header 3pins in D:\Mega Project\Edit routing\Sheet3.SchDoc with Header 3pins from Schlib1.SchLib
Replace Part J? Headers 2pins in D:\Mega Project\Edit routing\Sheet3.SchDoc with Headers 2pins from Schlib1.SchLib
Replace Part J? Headers 2pins in D:\Mega Project\Edit routing\Sheet3.SchDoc with Headers 2pins from Schlib1.SchLib
Replace Part J? Headers 2pins in D:\Mega Project\Edit routing\Sheet3.SchDoc with Headers 2pins from Schlib1.SchLib
Replace Part Q1 IRF5305 P-MOSFET in D:\Mega Project\Edit routing\Sheet3.SchDoc with IRF5305 P-MOSFET from Schlib1.SchLib
Replace Part R1 RES 100K in D:\Mega Project\Edit routing\Sheet3.SchDoc with RES 100K from Schlib1.SchLib
Replace Part R3 RES 1K in D:\Mega Project\Edit routing\Sheet3.SchDoc with RES 1K from Schlib1.SchLib
Replace Part R4 RES 1K in D:\Mega Project\Edit routing\Sheet3.SchDoc with RES 1K from Schlib1.SchLib
Replace Part R5 RES 1K in D:\Mega Project\Edit routing\Sheet3.SchDoc with RES 1K from Schlib1.SchLib
Replace Part R6 RES 1K in D:\Mega Project\Edit routing\Sheet3.SchDoc with RES 1K from Schlib1.SchLib
Replace Part U1 Atmega328p in D:\Mega Project\Edit routing\Sheet3.SchDoc with Atmega328p from Schlib1.SchLib
Replace Part U2 LM7805 in D:\Mega Project\Edit routing\Sheet3.SchDoc with LM7805 from Schlib1.SchLib
Replace Part Y Crystal oscillator in D:\Mega Project\Edit routing\Sheet3.SchDoc with Crystal oscillator from Schlib1.SchLib
