Replace Part C1 CAP 10uF in E:\Aqua training\FINAL\CAR\Sheet3.SchDoc with CAP 10uF from Schlib1.SchLib
Replace Part C2 Cap 0.1uF in E:\Aqua training\FINAL\CAR\Sheet3.SchDoc with Cap 0.1uF from Schlib1.SchLib
Replace Part C3 Cap 0.1uF in E:\Aqua training\FINAL\CAR\Sheet3.SchDoc with Cap 0.1uF from Schlib1.SchLib
Replace Part C5 CAP 22pF in E:\Aqua training\FINAL\CAR\Sheet3.SchDoc with CAP 22pF from Schlib1.SchLib
Replace Part C7 CAP 22pF in E:\Aqua training\FINAL\CAR\Sheet3.SchDoc with CAP 22pF from Schlib1.SchLib
Replace Part C8 CAP 30pF in E:\Aqua training\FINAL\CAR\Sheet3.SchDoc with CAP 30pF from Schlib1.SchLib
Replace Part C9 CAP 30pF in E:\Aqua training\FINAL\CAR\Sheet3.SchDoc with CAP 30pF from Schlib1.SchLib
Replace Part C10 Cap 0.1uF in E:\Aqua training\FINAL\CAR\Sheet3.SchDoc with Cap 0.1uF from Schlib1.SchLib
Replace Part C11 CAP 1nF in E:\Aqua training\FINAL\CAR\Sheet3.SchDoc with CAP 1nF from Schlib1.SchLib
Replace Part C12 Cap 0.1uF in E:\Aqua training\FINAL\CAR\Sheet3.SchDoc with Cap 0.1uF from Schlib1.SchLib
Replace Part D1 1N5819 SMD Diode in E:\Aqua training\FINAL\CAR\Sheet3.SchDoc with 1N5819 SMD Diode from Schlib1.SchLib
Replace Part D2 LED in E:\Aqua training\FINAL\CAR\Sheet3.SchDoc with LED from Schlib1.SchLib
Replace Part D3 RGB LED in E:\Aqua training\FINAL\CAR\Sheet3.SchDoc with RGB LED from Schlib1.SchLib
Replace Part J1 TerminalBlock 2pin in E:\Aqua training\FINAL\CAR\Sheet3.SchDoc with TerminalBlock 2pin from Schlib1.SchLib
Replace Part J2 TerminalBlock 2pin in E:\Aqua training\FINAL\CAR\Sheet3.SchDoc with TerminalBlock 2pin from Schlib1.SchLib
Replace Part J3 TerminalBlock 2pin in E:\Aqua training\FINAL\CAR\Sheet3.SchDoc with TerminalBlock 2pin from Schlib1.SchLib
Replace Part J4 Headers 4pin in E:\Aqua training\FINAL\CAR\Sheet3.SchDoc with Headers 4pin from Schlib1.SchLib
Replace Part J5 Headers 4pin in E:\Aqua training\FINAL\CAR\Sheet3.SchDoc with Headers 4pin from Schlib1.SchLib
Replace Part J6 Headers 4pin in E:\Aqua training\FINAL\CAR\Sheet3.SchDoc with Headers 4pin from Schlib1.SchLib
Replace Part J7 Headers 4pin in E:\Aqua training\FINAL\CAR\Sheet3.SchDoc with Headers 4pin from Schlib1.SchLib
Replace Part J8 Headers 4pin in E:\Aqua training\FINAL\CAR\Sheet3.SchDoc with Headers 4pin from Schlib1.SchLib
Replace Part J9 TerminalBlock 2pin in E:\Aqua training\FINAL\CAR\Sheet3.SchDoc with TerminalBlock 2pin from Schlib1.SchLib
Replace Part Q1 IRF5305 P-MOSFET in E:\Aqua training\FINAL\CAR\Sheet3.SchDoc with IRF5305 P-MOSFET from Schlib1.SchLib
Replace Part R1 RES 100K in E:\Aqua training\FINAL\CAR\Sheet3.SchDoc with RES 100K from Schlib1.SchLib
Replace Part R3 RES 1K in E:\Aqua training\FINAL\CAR\Sheet3.SchDoc with RES 1K from Schlib1.SchLib
Replace Part R4 RES 1K in E:\Aqua training\FINAL\CAR\Sheet3.SchDoc with RES 1K from Schlib1.SchLib
Replace Part R5 RES 1K in E:\Aqua training\FINAL\CAR\Sheet3.SchDoc with RES 1K from Schlib1.SchLib
Replace Part R6 RES 1K in E:\Aqua training\FINAL\CAR\Sheet3.SchDoc with RES 1K from Schlib1.SchLib
Replace Part R7 RES 100K in E:\Aqua training\FINAL\CAR\Sheet3.SchDoc with RES 100K from Schlib1.SchLib
Replace Part R8 RES 10K in E:\Aqua training\FINAL\CAR\Sheet3.SchDoc with RES 10K from Schlib1.SchLib
Replace Part U1 Atmega328p in E:\Aqua training\FINAL\CAR\Sheet3.SchDoc with Atmega328p from Schlib1.SchLib
Replace Part U2 LM7805 in E:\Aqua training\FINAL\CAR\Sheet3.SchDoc with LM7805 from Schlib1.SchLib
Replace Part U3 L293D in E:\Aqua training\FINAL\CAR\Sheet3.SchDoc with L293D from Schlib1.SchLib
Replace Part U4 CURRENT_MOD ACS712 in E:\Aqua training\FINAL\CAR\Sheet3.SchDoc with CURRENT_MOD ACS712 from Schlib1.SchLib
Replace Part Y Crystal oscillator in E:\Aqua training\FINAL\CAR\Sheet3.SchDoc with Crystal oscillator from Schlib1.SchLib
