Change Component Comment : Designator=J1 Old Comment=Terminal Block New Comment=TerminalBlock 2pin
Change Component Comment : Designator=J2 Old Comment=Terminal Block New Comment=TerminalBlock 2pin
Change Component Comment : Designator=J3 Old Comment=Terminal Block New Comment=TerminalBlock 2pin
Change component parameters: Designator = "J1" ("J1"); Footprint = "Terminal Block 2pin"; UniqueID = "\SNKWBQFS" ("\SNKWBQFS")
Change component parameters (AddParameter): Name = "Mfr number"; Value = ""; VariantName = "[No Variations]"
Change component parameters (AddParameter): Name = "Parameter 2"; Value = ""; VariantName = "[No Variations]"
Change component parameters (AddParameter): Name = "Parameter 3"; Value = ""; VariantName = "[No Variations]"
Change component parameters (AddParameter): Name = "Parameter 4"; Value = ""; VariantName = "[No Variations]"
Change component parameters: Designator = "J2" ("J2"); Footprint = "Terminal Block 2pin"; UniqueID = "\BTQBYAGV" ("\BTQBYAGV")
Change component parameters (AddParameter): Name = "Mfr number"; Value = ""; VariantName = "[No Variations]"
Change component parameters (AddParameter): Name = "Parameter 2"; Value = ""; VariantName = "[No Variations]"
Change component parameters (AddParameter): Name = "Parameter 3"; Value = ""; VariantName = "[No Variations]"
Change component parameters (AddParameter): Name = "Parameter 4"; Value = ""; VariantName = "[No Variations]"
Change component parameters: Designator = "J3" ("J3"); Footprint = "Terminal Block 2pin"; UniqueID = "\FVNSRLCK" ("\FVNSRLCK")
Change component parameters (AddParameter): Name = "Mfr number"; Value = ""; VariantName = "[No Variations]"
Change component parameters (AddParameter): Name = "Parameter 2"; Value = ""; VariantName = "[No Variations]"
Change component parameters (AddParameter): Name = "Parameter 3"; Value = ""; VariantName = "[No Variations]"
Change component parameters (AddParameter): Name = "Parameter 4"; Value = ""; VariantName = "[No Variations]"
Added Component: Designator=*7(Crrystal 16MHZ)
Added Component: Designator=C1(Cap 10uF)
Added Component: Designator=C2(CAP 0.1uF)
Added Component: Designator=C3(CAP 0.1uF)
Added Component: Designator=C4(Cap 10uF)
Added Component: Designator=C5(Cap 22pF)
Added Component: Designator=C6(CAP 0.1uF)
Added Component: Designator=C7(Cap 22pF)
Added Component: Designator=C8(CAP 30pF)
Added Component: Designator=C9(CAP 30pF)
Added Component: Designator=D1(1N5819 SMD Diode)
Added Component: Designator=D2(LED)
Added Component: Designator=D3(RGB LED)
Added Component: Designator=J4(Header 4pin)
Added Component: Designator=J5(Header 4pin)
Added Component: Designator=J6(Header 4pin)
Added Component: Designator=J7(Header 4pin)
Added Component: Designator=Q1(IRF5305)
Added Component: Designator=R1(Res100K)
Added Component: Designator=R2(Res10K)
Added Component: Designator=R3(Res 1K)
Added Component: Designator=R4(Res 1K)
Added Component: Designator=R5(Res 1K)
Added Component: Designator=R6(Res 1K)
Added Component: Designator=S1(Push Button)
Added Component: Designator=U2(LM7805)
Added Component: Designator=U3(L293D)
Added Pin To Net: NetName=GND Pin=C1-1
Added Pin To Net: NetName=+5V Pin=C1-2
Added Pin To Net: NetName=GND Pin=C2-1
Added Pin To Net: NetName=VCC Pin=C2-2
Added Pin To Net: NetName=GND Pin=C3-1
Added Pin To Net: NetName=+5V Pin=C3-2
Added Pin To Net: NetName=GND Pin=C4-1
Added Pin To Net: NetName=Reset Pin=C4-2
Added Pin To Net: NetName=GND Pin=C5-1
Added Pin To Net: NetName=GND Pin=C6-1
Added Pin To Net: NetName=GND Pin=C7-1
Added Pin To Net: NetName=OUT2 Pin=C8-1
Added Pin To Net: NetName=OUT1 Pin=C8-2
Added Pin To Net: NetName=OUT4 Pin=C9-1
Added Pin To Net: NetName=OUT3 Pin=C9-2
Add Pin To Net: Unknown Pin: Pin D1-2
Added Pin To Net: NetName=GND Pin=D2-2
Add Pin To Net: Unknown Pin: Pin D3-(-
Added Pin To Net: NetName=+5V Pin=J4-1
Added Pin To Net: NetName=TRIG1 Pin=J4-2
Added Pin To Net: NetName=ECHO1 Pin=J4-3
Added Pin To Net: NetName=GND Pin=J4-4
Added Pin To Net: NetName=+5V Pin=J5-1
Added Pin To Net: NetName=TRIG2 Pin=J5-2
Added Pin To Net: NetName=ECHO2 Pin=J5-3
Added Pin To Net: NetName=GND Pin=J5-4
Added Pin To Net: NetName=+5V Pin=J6-1
Added Pin To Net: NetName=GND Pin=J6-2
Added Pin To Net: NetName=TX Pin=J6-3
Added Pin To Net: NetName=RX Pin=J6-4
Added Pin To Net: NetName=MOSI Pin=J7-1
Added Pin To Net: NetName=MISO Pin=J7-2
Added Pin To Net: NetName=SCK Pin=J7-3
Added Pin To Net: NetName=Reset Pin=J7-4
Add Pin To Net: Unknown Pin: Pin Q1-D
Add Pin To Net: Unknown Pin: Pin Q1-S
Added Pin To Net: NetName=GND Pin=R1-1
Added Pin To Net: NetName=Reset Pin=R2-1
Added Pin To Net: NetName=VCC Pin=R2-2
Added Pin To Net: NetName=BLUE Pin=R3-2
Added Pin To Net: NetName=GREEN Pin=R4-2
Added Pin To Net: NetName=RED Pin=R5-2
Added Pin To Net: NetName=LED_ind Pin=R6-2
Added Pin To Net: NetName=Reset Pin=S1-1
Added Pin To Net: NetName=GND Pin=S1-2
Added Pin To Net: NetName=VCC Pin=U2-1
Added Pin To Net: NetName=+5V Pin=U2-2
Added Pin To Net: NetName=GND Pin=U2-3
Added Pin To Net: NetName=EN Pin=U3-1
Added Pin To Net: NetName=IN1 Pin=U3-2
Added Pin To Net: NetName=OUT1 Pin=U3-3
Added Pin To Net: NetName=GND Pin=U3-4
Added Pin To Net: NetName=GND Pin=U3-5
Added Pin To Net: NetName=OUT2 Pin=U3-6
Added Pin To Net: NetName=IN2 Pin=U3-7
Added Pin To Net: NetName=+4.5V : 36V Pin=U3-8
Added Pin To Net: NetName=EN Pin=U3-9
Added Pin To Net: NetName=IN3 Pin=U3-10
Added Pin To Net: NetName=OUT3 Pin=U3-11
Added Pin To Net: NetName=GND Pin=U3-12
Added Pin To Net: NetName=GND Pin=U3-13
Added Pin To Net: NetName=OUT4 Pin=U3-14
Added Pin To Net: NetName=IN4 Pin=U3-15
Added Pin To Net: NetName=+5 Pin=U3-16
Added Pin To Net: NetName=Net*7_1 Pin=*7-1
Added Pin To Net: NetName=Net*7_1 Pin=C7-2
Added Pin To Net: NetName=Net*7_1 Pin=U1-10
Added Net: Name=Net*7_1
Added Pin To Net: NetName=Net*7_2 Pin=*7-2
Added Pin To Net: NetName=Net*7_2 Pin=C5-2
Added Pin To Net: NetName=Net*7_2 Pin=U1-9
Added Net: Name=Net*7_2
Added Pin To Net: NetName=NetC6_2 Pin=C6-2
Added Pin To Net: NetName=NetC6_2 Pin=U1-21
Added Net: Name=NetC6_2
Added Pin To Net: NetName=NetD1_1 Pin=R1-2
Added Net: Name=NetD1_1
Added Pin To Net: NetName=NetD2_1 Pin=D2-1
Added Pin To Net: NetName=NetD2_1 Pin=R6-1
Added Net: Name=NetD2_1
Added Pin To Net: NetName=NetD3_B Pin=R3-1
Added Net: Name=NetD3_B
Added Pin To Net: NetName=NetD3_G Pin=R4-1
Added Net: Name=NetD3_G
Added Pin To Net: NetName=NetD3_R Pin=R5-1
Added Net: Name=NetD3_R
Added Member To Class: ClassName=Sheet3 Member=Component *7 Crystal oscillator
Added Member To Class: ClassName=Sheet3 Member=Component C1 CAP 10uF
Added Member To Class: ClassName=Sheet3 Member=Component C2 Cap 0.1uF
Added Member To Class: ClassName=Sheet3 Member=Component C3 Cap 0.1uF
Added Member To Class: ClassName=Sheet3 Member=Component C4 CAP 10uF
Added Member To Class: ClassName=Sheet3 Member=Component C5 CAP 22pF
Added Member To Class: ClassName=Sheet3 Member=Component C6 Cap 0.1uF
Added Member To Class: ClassName=Sheet3 Member=Component C7 CAP 22pF
Added Member To Class: ClassName=Sheet3 Member=Component C8 CAP 30pF
Added Member To Class: ClassName=Sheet3 Member=Component C9 CAP 30pF
Added Member To Class: ClassName=Sheet3 Member=Component D1 1N5819 SMD Diode
Added Member To Class: ClassName=Sheet3 Member=Component D2 LED
Added Member To Class: ClassName=Sheet3 Member=Component D3 RGB LED
Added Member To Class: ClassName=Sheet3 Member=Component J4 Headers 4pin
Added Member To Class: ClassName=Sheet3 Member=Component J5 Headers 4pin
Added Member To Class: ClassName=Sheet3 Member=Component J6 Headers 4pin
Added Member To Class: ClassName=Sheet3 Member=Component J7 Headers 4pin
Added Member To Class: ClassName=Sheet3 Member=Component Q1 IRF5305 P-MOSFET
Added Member To Class: ClassName=Sheet3 Member=Component R1 RES 100K
Added Member To Class: ClassName=Sheet3 Member=Component R2 RES 10K
Added Member To Class: ClassName=Sheet3 Member=Component R3 RES 1K
Added Member To Class: ClassName=Sheet3 Member=Component R4 RES 1K
Added Member To Class: ClassName=Sheet3 Member=Component R5 RES 1K
Added Member To Class: ClassName=Sheet3 Member=Component R6 RES 1K
Added Member To Class: ClassName=Sheet3 Member=Component S1 Push Button
Added Member To Class: ClassName=Sheet3 Member=Component U2 LM7805
Added Member To Class: ClassName=Sheet3 Member=Component U3 L293D
