Added Component: Designator=U?(ATMega 328 P-PU - duplicate)
Added Pin To Net: NetName=BLUE Pin=U?-13
Added Net: Name=BLUE
Added Pin To Net: NetName=ECHO1 Pin=U?-10
Added Net: Name=ECHO1
Added Pin To Net: NetName=EN Pin=U?-18
Added Net: Name=EN
Added Net: Name=GND
Added Pin To Net: NetName=GREEN Pin=U?-12
Added Net: Name=GREEN
Added Pin To Net: NetName=IN2 Pin=U?-16
Added Net: Name=IN2
Added Pin To Net: NetName=IN3 Pin=U?-3
Added Net: Name=IN3
Added Pin To Net: NetName=IN4 Pin=U?-5
Added Net: Name=IN4
Added Pin To Net: NetName=Net1_1 Pin=U?-9
Added Net: Name=Net1_1
Added Net: Name=Net1_2
Added Pin To Net: NetName=RED Pin=U?-19
Added Net: Name=RED
Added Pin To Net: NetName=RX Pin=U?-1
Added Net: Name=RX
Added Pin To Net: NetName=SDA Pin=U?-28
Added Net: Name=SDA
Added Pin To Net: NetName=TRIG1 Pin=U?-11
Added Net: Name=TRIG1
Added Pin To Net: NetName=TRIG2 Pin=U?-17
Added Net: Name=TRIG2
Added Pin To Net: NetName=TX Pin=U?-2
Added Net: Name=TX
Added Class: Name=Sheet3
Added Rule: Name=Schematic Supply Nets
